[debug] [2020-11-07T11:00:00.371Z] ----------------------------------------------------------------------
[debug] [2020-11-07T11:00:00.377Z] Command:       /usr/local/bin/node /usr/local/bin/firebase init
[debug] [2020-11-07T11:00:00.377Z] CLI Version:   8.12.1
[debug] [2020-11-07T11:00:00.378Z] Platform:      linux
[debug] [2020-11-07T11:00:00.378Z] Node Version:  v12.19.0
[debug] [2020-11-07T11:00:00.379Z] Time:          Sat Nov 07 2020 16:00:00 GMT+0500 (Pakistan Standard Time)
[debug] [2020-11-07T11:00:00.379Z] ----------------------------------------------------------------------
[debug] [2020-11-07T11:00:00.379Z] 
[debug] [2020-11-07T11:00:00.553Z] > command requires scopes: ["email","openid","https://www.googleapis.com/auth/cloudplatformprojects.readonly","https://www.googleapis.com/auth/firebase","https://www.googleapis.com/auth/cloud-platform"]
[debug] [2020-11-07T11:00:00.554Z] > authorizing via signed-in user
[info] 
     ######## #### ########  ######## ########     ###     ######  ########
     ##        ##  ##     ## ##       ##     ##  ##   ##  ##       ##
     ######    ##  ########  ######   ########  #########  ######  ######
     ##        ##  ##    ##  ##       ##     ## ##     ##       ## ##
     ##       #### ##     ## ######## ########  ##     ##  ######  ########

You're about to initialize a Firebase project in this directory:

  /media/muhammad-atique/New Volume/programming/olx

Before we get started, keep in mind:

  * You are currently outside your home directory

[debug] [2020-11-07T11:23:27.582Z] TypeError: Cannot read property 'setRawMode' of null
    at ReadStream.setRawMode (tty.js:75:28)
    at Interface._setRawMode (readline.js:290:16)
    at Interface.close (readline.js:413:10)
    at ReadStream.ontermend (readline.js:201:10)
    at ReadStream.emit (events.js:326:22)
    at ReadStream.EventEmitter.emit (domain.js:483:12)
    at endReadableNT (_stream_readable.js:1223:12)
    at processTicksAndRejections (internal/process/task_queues.js:84:21)
